
[2026-05-31 14:54:30] $ 'git' '-C' '/srv/agent-build/eazyBackupCloudConsoleV2' 'fetch' '--all' '--tags' '--prune'
Fetching origin
From github.com:ezbsystems/eazyBackupCloudConsoleV2
   ab87786b..1374d710  main       -> origin/main
[2026-05-31 14:54:34] exit=0

[2026-05-31 14:54:34] $ 'git' '-C' '/srv/agent-build/eazyBackupCloudConsoleV2' 'checkout' 'main'
Already on 'main'
Your branch is behind 'origin/main' by 2 commits, and can be fast-forwarded.
  (use "git pull" to update your local branch)
[2026-05-31 14:54:34] exit=0

[2026-05-31 14:54:34] $ 'git' '-C' '/srv/agent-build/eazyBackupCloudConsoleV2' 'pull' '--ff-only'
Updating ab87786b..1374d710
Fast-forward
 .../builds/20/artifacts/e3-backup-agent-setup.exe  | Bin 0 -> 11871960 bytes
 .../builds/20/artifacts/e3-backup-agent.exe        | Bin 0 -> 31726888 bytes
 .../storage/builds/20/artifacts/e3-backup-tray.exe | Bin 0 -> 8041256 bytes
 .../cloudstorage/storage/builds/20/git_sync.log    | 115 +++++++++++++++++++++
 .../cloudstorage/storage/builds/20/go_test.log     |  14 +++
 .../cloudstorage/storage/builds/20/linux_build.log |   5 +
 .../cloudstorage/storage/builds/20/publish.log     |   2 +
 .../cloudstorage/storage/builds/20/verify.log      |  16 +++
 .../storage/builds/20/windows_build.log            |  14 +++
 .../storage/builds/20/windows_fetch.log            |   9 ++
 .../storage/builds/20/windows_inno.log             |   4 +
 .../storage/builds/20/windows_sign.log             |  39 +++++++
 .../storage/builds/20/windows_stage.log            |  28 +++++
 e3-backup-agent/internal/agent/hyperv_restore.go   |  56 ++++++++--
 e3-backup-agent/internal/agent/kopia.go            |  51 ++++++++-
 15 files changed, 343 insertions(+), 10 deletions(-)
 create mode 100644 accounts/modules/addons/cloudstorage/storage/builds/20/artifacts/e3-backup-agent-setup.exe
 create mode 100644 accounts/modules/addons/cloudstorage/storage/builds/20/artifacts/e3-backup-agent.exe
 create mode 100644 accounts/modules/addons/cloudstorage/storage/builds/20/artifacts/e3-backup-tray.exe
 create mode 100644 accounts/modules/addons/cloudstorage/storage/builds/20/git_sync.log
 create mode 100644 accounts/modules/addons/cloudstorage/storage/builds/20/go_test.log
 create mode 100644 accounts/modules/addons/cloudstorage/storage/builds/20/linux_build.log
 create mode 100644 accounts/modules/addons/cloudstorage/storage/builds/20/publish.log
 create mode 100644 accounts/modules/addons/cloudstorage/storage/builds/20/verify.log
 create mode 100644 accounts/modules/addons/cloudstorage/storage/builds/20/windows_build.log
 create mode 100644 accounts/modules/addons/cloudstorage/storage/builds/20/windows_fetch.log
 create mode 100644 accounts/modules/addons/cloudstorage/storage/builds/20/windows_inno.log
 create mode 100644 accounts/modules/addons/cloudstorage/storage/builds/20/windows_sign.log
 create mode 100644 accounts/modules/addons/cloudstorage/storage/builds/20/windows_stage.log
[2026-05-31 14:54:35] exit=0
