
[2026-05-31 14:23:30] $ 'git' '-C' '/srv/agent-build/eazyBackupCloudConsoleV2' 'fetch' '--all' '--tags' '--prune'
Fetching origin
From github.com:ezbsystems/eazyBackupCloudConsoleV2
   d2870408..ab87786b  main       -> origin/main
[2026-05-31 14:23:35] exit=0

[2026-05-31 14:23:35] $ 'git' '-C' '/srv/agent-build/eazyBackupCloudConsoleV2' 'checkout' 'main'
Already on 'main'
Your branch is behind 'origin/main' by 3 commits, and can be fast-forwarded.
  (use "git pull" to update your local branch)
[2026-05-31 14:23:35] exit=0

[2026-05-31 14:23:35] $ 'git' '-C' '/srv/agent-build/eazyBackupCloudConsoleV2' 'pull' '--ff-only'
Updating d2870408..ab87786b
Fast-forward
 .../api/cloudbackup_hyperv_backup_points.php       |   8 +-
 .../api/cloudbackup_hyperv_snapshots.php           | 295 +++++++++++
 .../api/cloudbackup_hyperv_start_restore.php       | 324 ++++++++----
 .../cloudstorage/api/e3backup_backup_history.php   | 281 ++++++++++
 .../addons/cloudstorage/api/e3backup_run_list.php  | 244 +++++++++
 .../api/e3backup_run_ticket_context.php            | 195 +++++++
 .../cloudstorage/api/setpassword_and_provision.php |  68 ++-
 .../cloudstorage/assets/js/e3backup_run_modal.js   | 225 ++++++++
 .../cloudstorage/assets/js/e3backup_run_ticket.js  | 257 +++++++++
 .../modules/addons/cloudstorage/cloudstorage.php   |  60 ++-
 .../addons/cloudstorage/hooks/e3cb_invoice.php     |   5 +-
 .../lib/Admin/E3CloudBackupBilling.php             |  20 +
 .../lib/Client/CloudBackupEventFormatter.php       |  23 +-
 .../cloudstorage/lib/Provision/Provisioner.php     |  47 +-
 .../pages/e3backup_getting_started.php             |  37 +-
 .../cloudstorage/pages/e3backup_hyperv_restore.php | 255 ++++-----
 .../cloudstorage/pages/e3backup_job_logs.php       |  33 ++
 .../addons/cloudstorage/pages/e3backup_runs.php    |  35 ++
 .../builds/18/artifacts/e3-backup-agent-setup.exe  | Bin 0 -> 11862632 bytes
 .../builds/18/artifacts/e3-backup-agent.exe        | Bin 0 -> 31699240 bytes
 .../storage/builds/18/artifacts/e3-backup-tray.exe | Bin 0 -> 8041256 bytes
 .../cloudstorage/storage/builds/18/git_sync.log    |  46 ++
 .../cloudstorage/storage/builds/18/go_test.log     |  14 +
 .../cloudstorage/storage/builds/18/linux_build.log |   5 +
 .../cloudstorage/storage/builds/18/publish.log     |   2 +
 .../cloudstorage/storage/builds/18/verify.log      |  16 +
 .../storage/builds/18/windows_build.log            |  14 +
 .../storage/builds/18/windows_fetch.log            |   9 +
 .../storage/builds/18/windows_inno.log             |   4 +
 .../storage/builds/18/windows_sign.log             |  39 ++
 .../storage/builds/18/windows_stage.log            |  28 +
 .../builds/19/artifacts/e3-backup-agent-setup.exe  | Bin 0 -> 11862656 bytes
 .../builds/19/artifacts/e3-backup-agent.exe        | Bin 0 -> 31699240 bytes
 .../storage/builds/19/artifacts/e3-backup-tray.exe | Bin 0 -> 8041256 bytes
 .../cloudstorage/storage/builds/19/git_sync.log    |  13 +
 .../cloudstorage/storage/builds/19/go_test.log     |  14 +
 .../cloudstorage/storage/builds/19/linux_build.log |   5 +
 .../cloudstorage/storage/builds/19/publish.log     |   2 +
 .../cloudstorage/storage/builds/19/verify.log      |  16 +
 .../storage/builds/19/windows_build.log            |  14 +
 .../storage/builds/19/windows_fetch.log            |   9 +
 .../storage/builds/19/windows_inno.log             |   4 +
 .../storage/builds/19/windows_sign.log             |  39 ++
 .../storage/builds/19/windows_stage.log            |  28 +
 .../cloudstorage/templates/e3backup_dashboard.tpl  | 190 +++++++
 .../templates/e3backup_getting_started.tpl         | 213 +++++++-
 .../templates/e3backup_hyperv_restore.tpl          | 575 ++++++++++-----------
 .../cloudstorage/templates/e3backup_job_logs.tpl   | 249 +++++++++
 .../cloudstorage/templates/e3backup_runs.tpl       | 161 ++----
 .../templates/partials/e3_onboarding_drawers.tpl   | 161 ++++++
 .../templates/partials/e3backup_run_log_modal.tpl  | 112 ++++
 .../templates/partials/e3backup_sidebar.tpl        |  11 +
 .../partials/e3backup_user_restore_tab.tpl         |   2 +-
 .../addons/cloudstorage/templates/welcome.tpl      | 103 +---
 accounts/templates/eazyBackup/css/tailwind.css     |  14 +-
 accounts/templates/eazyBackup/css/tailwind.src.css |  81 +++
 accounts/templates/eazyBackup/header.tpl           |  48 +-
 e3-backup-agent/cmd/tray/main_windows.go           |   2 +-
 e3-backup-agent/internal/agent/hyperv/manager.go   |  33 ++
 e3-backup-agent/internal/agent/hyperv_backup.go    | 187 ++++++-
 e3-backup-agent/internal/agent/hyperv_restore.go   | 421 ++++++++++-----
 61 files changed, 4283 insertions(+), 1013 deletions(-)
 create mode 100644 accounts/modules/addons/cloudstorage/api/cloudbackup_hyperv_snapshots.php
 create mode 100644 accounts/modules/addons/cloudstorage/api/e3backup_backup_history.php
 create mode 100644 accounts/modules/addons/cloudstorage/api/e3backup_run_list.php
 create mode 100644 accounts/modules/addons/cloudstorage/api/e3backup_run_ticket_context.php
 create mode 100644 accounts/modules/addons/cloudstorage/assets/js/e3backup_run_modal.js
 create mode 100644 accounts/modules/addons/cloudstorage/assets/js/e3backup_run_ticket.js
 create mode 100644 accounts/modules/addons/cloudstorage/pages/e3backup_job_logs.php
 create mode 100644 accounts/modules/addons/cloudstorage/storage/builds/18/artifacts/e3-backup-agent-setup.exe
 create mode 100644 accounts/modules/addons/cloudstorage/storage/builds/18/artifacts/e3-backup-agent.exe
 create mode 100644 accounts/modules/addons/cloudstorage/storage/builds/18/artifacts/e3-backup-tray.exe
 create mode 100644 accounts/modules/addons/cloudstorage/storage/builds/18/git_sync.log
 create mode 100644 accounts/modules/addons/cloudstorage/storage/builds/18/go_test.log
 create mode 100644 accounts/modules/addons/cloudstorage/storage/builds/18/linux_build.log
 create mode 100644 accounts/modules/addons/cloudstorage/storage/builds/18/publish.log
 create mode 100644 accounts/modules/addons/cloudstorage/storage/builds/18/verify.log
 create mode 100644 accounts/modules/addons/cloudstorage/storage/builds/18/windows_build.log
 create mode 100644 accounts/modules/addons/cloudstorage/storage/builds/18/windows_fetch.log
 create mode 100644 accounts/modules/addons/cloudstorage/storage/builds/18/windows_inno.log
 create mode 100644 accounts/modules/addons/cloudstorage/storage/builds/18/windows_sign.log
 create mode 100644 accounts/modules/addons/cloudstorage/storage/builds/18/windows_stage.log
 create mode 100644 accounts/modules/addons/cloudstorage/storage/builds/19/artifacts/e3-backup-agent-setup.exe
 create mode 100644 accounts/modules/addons/cloudstorage/storage/builds/19/artifacts/e3-backup-agent.exe
 create mode 100644 accounts/modules/addons/cloudstorage/storage/builds/19/artifacts/e3-backup-tray.exe
 create mode 100644 accounts/modules/addons/cloudstorage/storage/builds/19/git_sync.log
 create mode 100644 accounts/modules/addons/cloudstorage/storage/builds/19/go_test.log
 create mode 100644 accounts/modules/addons/cloudstorage/storage/builds/19/linux_build.log
 create mode 100644 accounts/modules/addons/cloudstorage/storage/builds/19/publish.log
 create mode 100644 accounts/modules/addons/cloudstorage/storage/builds/19/verify.log
 create mode 100644 accounts/modules/addons/cloudstorage/storage/builds/19/windows_build.log
 create mode 100644 accounts/modules/addons/cloudstorage/storage/builds/19/windows_fetch.log
 create mode 100644 accounts/modules/addons/cloudstorage/storage/builds/19/windows_inno.log
 create mode 100644 accounts/modules/addons/cloudstorage/storage/builds/19/windows_sign.log
 create mode 100644 accounts/modules/addons/cloudstorage/storage/builds/19/windows_stage.log
 create mode 100644 accounts/modules/addons/cloudstorage/templates/e3backup_job_logs.tpl
 create mode 100644 accounts/modules/addons/cloudstorage/templates/partials/e3_onboarding_drawers.tpl
 create mode 100644 accounts/modules/addons/cloudstorage/templates/partials/e3backup_run_log_modal.tpl
[2026-05-31 14:23:36] exit=0
