
[2026-05-29 13:02:34] $ 'git' '-C' '/srv/agent-build/eazyBackupCloudConsoleV2' 'fetch' '--all' '--tags' '--prune'
Fetching origin
From github.com:ezbsystems/eazyBackupCloudConsoleV2
   3f2093a9..94dc8b9d  main       -> origin/main
[2026-05-29 13:02:38] exit=0

[2026-05-29 13:02:38] $ 'git' '-C' '/srv/agent-build/eazyBackupCloudConsoleV2' 'checkout' 'main'
Already on 'main'
Your branch is behind 'origin/main' by 1 commit, and can be fast-forwarded.
  (use "git pull" to update your local branch)
[2026-05-29 13:02:38] exit=0

[2026-05-29 13:02:38] $ 'git' '-C' '/srv/agent-build/eazyBackupCloudConsoleV2' 'pull' '--ff-only'
Updating 3f2093a9..94dc8b9d
Fast-forward
 .../api/agent_poll_pending_commands.php            |  13 +-
 .../cloudstorage/lib/Client/AgentUpdateService.php |  39 ++++-
 .../builds/12/artifacts/e3-backup-agent-setup.exe  | Bin 0 -> 11919360 bytes
 .../builds/12/artifacts/e3-backup-agent.exe        | Bin 0 -> 31680808 bytes
 .../storage/builds/12/artifacts/e3-backup-tray.exe | Bin 0 -> 8037672 bytes
 .../cloudstorage/storage/builds/12/git_sync.log    |  87 ++++++++++
 .../cloudstorage/storage/builds/12/go_test.log     |  14 ++
 .../cloudstorage/storage/builds/12/linux_build.log |   5 +
 .../cloudstorage/storage/builds/12/publish.log     |   2 +
 .../cloudstorage/storage/builds/12/verify.log      |  16 ++
 .../storage/builds/12/windows_build.log            |  14 ++
 .../storage/builds/12/windows_fetch.log            |   9 +
 .../storage/builds/12/windows_inno.log             |   4 +
 .../storage/builds/12/windows_sign.log             |  39 +++++
 .../storage/builds/12/windows_stage.log            |  19 +++
 e3-backup-agent/cmd/tray/main_windows.go           |   6 +
 .../cmd/tray/single_instance_windows.go            |  33 ++++
 e3-backup-agent/installer/e3-backup-agent.iss      |  12 ++
 e3-backup-agent/internal/agent/api_client.go       |   6 +
 e3-backup-agent/internal/agent/runner.go           |   5 +
 .../internal/agent/tray_supervisor_other.go        |   7 +
 .../internal/agent/tray_supervisor_windows.go      | 186 +++++++++++++++++++++
 e3-cloudbackup-worker/assets/tray_logo.ico         | Bin 0 -> 3253 bytes
 23 files changed, 509 insertions(+), 7 deletions(-)
 create mode 100644 accounts/modules/addons/cloudstorage/storage/builds/12/artifacts/e3-backup-agent-setup.exe
 create mode 100644 accounts/modules/addons/cloudstorage/storage/builds/12/artifacts/e3-backup-agent.exe
 create mode 100644 accounts/modules/addons/cloudstorage/storage/builds/12/artifacts/e3-backup-tray.exe
 create mode 100644 accounts/modules/addons/cloudstorage/storage/builds/12/git_sync.log
 create mode 100644 accounts/modules/addons/cloudstorage/storage/builds/12/go_test.log
 create mode 100644 accounts/modules/addons/cloudstorage/storage/builds/12/linux_build.log
 create mode 100644 accounts/modules/addons/cloudstorage/storage/builds/12/publish.log
 create mode 100644 accounts/modules/addons/cloudstorage/storage/builds/12/verify.log
 create mode 100644 accounts/modules/addons/cloudstorage/storage/builds/12/windows_build.log
 create mode 100644 accounts/modules/addons/cloudstorage/storage/builds/12/windows_fetch.log
 create mode 100644 accounts/modules/addons/cloudstorage/storage/builds/12/windows_inno.log
 create mode 100644 accounts/modules/addons/cloudstorage/storage/builds/12/windows_sign.log
 create mode 100644 accounts/modules/addons/cloudstorage/storage/builds/12/windows_stage.log
 create mode 100644 e3-backup-agent/cmd/tray/single_instance_windows.go
 create mode 100644 e3-backup-agent/internal/agent/tray_supervisor_other.go
 create mode 100644 e3-backup-agent/internal/agent/tray_supervisor_windows.go
 create mode 100644 e3-cloudbackup-worker/assets/tray_logo.ico
[2026-05-29 13:02:39] exit=0
